WARN    (2007-03-11) 20:24.36:604   [core.language.java] (Unknown-URI) Unknown-thread/JavaLanguage: Attempted to retrieve directory listing of non-directory /usr/share/java/ext
WARN    (2007-03-11) 20:25.21:219   [core.manager] (/skin/profile.css) PoolThread-4/TextSerializer: Encountered text before root element. Creating <text> wrapper element.
WARN    (2007-03-11) 20:25.28:689   [access] (/index.html;jsessionid=8dstfhqkl7lc4) PoolThread-3/CocoonServlet: EOFException(java.io.IOException: Broken pipe)
ERROR   (2007-03-11) 20:35.41:737   [access] (/doc/license.html) PoolThread-4/CocoonServlet: Internal Cocoon Problem
org.apache.cocoon.ProcessingException: Error executing pipeline.: org.apache.cocoon.ResourceNotFoundException: No pipeline matched request: doc/license.xml
   at org.apache.cocoon.components.pipeline.AbstractProcessingPipeline.handleException(AbstractProcessingPipeline.java:788)
   at org.apache.cocoon.components.pipeline.impl.AbstractCachingProcessingPipeline.processXMLPipeline(AbstractCachingProcessingPipeline.java:263)
   at org.apache.cocoon.components.pipeline.AbstractProcessingPipeline.process(AbstractProcessingPipeline.java:428)
   at org.apache.cocoon.components.treeprocessor.sitemap.SerializeNode.invoke(SerializeNode.java:134)
   at org.apache.cocoon.components.treeprocessor.AbstractParentProcessingNode.invokeNodes(AbstractParentProcessingNode.java:76)
   at org.apache.cocoon.components.treeprocessor.ContainerNode.invoke(ContainerNode.java:38)
   at org.apache.cocoon.components.treeprocessor.CategoryNode.invokeByName(CategoryNode.java:66)
   at org.apache.cocoon.components.treeprocessor.sitemap.CallNode.invoke(CallNode.java:83)
   at org.apache.cocoon.components.treeprocessor.AbstractParentProcessingNode.invokeNodes(AbstractParentProcessingNode.java:54)
   at org.apache.cocoon.components.treeprocessor.sitemap.PreparableMatchNode.invoke(PreparableMatchNode.java:112)
   at org.apache.cocoon.components.treeprocessor.AbstractParentProcessingNode.invokeNodes(AbstractParentProcessingNode.java:76)
   at org.apache.cocoon.components.treeprocessor.sitemap.PipelineNode.invoke(PipelineNode.java:138)
   at org.apache.cocoon.components.treeprocessor.AbstractParentProcessingNode.invokeNodes(AbstractParentProcessingNode.java:76)
   at org.apache.cocoon.components.treeprocessor.sitemap.PipelinesNode.invoke(PipelinesNode.java:95)
   at org.apache.cocoon.components.treeprocessor.ConcreteTreeProcessor.process(ConcreteTreeProcessor.java:203)
   at org.apache.cocoon.components.treeprocessor.ConcreteTreeProcessor.process(ConcreteTreeProcessor.java:149)
   at org.apache.cocoon.components.treeprocessor.TreeProcessor.process(TreeProcessor.java:248)
   at org.apache.cocoon.Cocoon.process(Cocoon.java:503)
   at org.apache.cocoon.servlet.CocoonServlet.service(CocoonServlet.java:1097)
   at javax.servlet.http.HttpServlet.service(HttpServlet.java:853)
   at org.mortbay.jetty.servlet.ServletHolder.handle(ServletHolder.java:354)
   at org.mortbay.jetty.servlet.WebApplicationHandler.dispatch(WebApplicationHandler.java:294)
   at org.mortbay.jetty.servlet.ServletHandler.handle(ServletHandler.java:567)
   at org.mortbay.http.HttpContext.handle(HttpContext.java:1808)
   at org.mortbay.jetty.servlet.WebApplicationContext.handle(WebApplicationContext.java:525)
   at org.mortbay.http.HttpContext.handle(HttpContext.java:1758)
   at org.mortbay.http.HttpServer.service(HttpServer.java:879)
   at org.mortbay.http.HttpConnection.service(HttpConnection.java:790)
   at org.mortbay.http.HttpConnection.handleNext(HttpConnection.java:952)
   at org.mortbay.http.HttpConnection.handle(HttpConnection.java:807)
   at org.mortbay.http.SocketListener.handleConnection(SocketListener.java:197)
   at org.mortbay.util.ThreadedServer.handle(ThreadedServer.java:289)
   at org.mortbay.util.ThreadPool$PoolThread.run(ThreadPool.java:501)
Caused by: org.apache.cocoon.ResourceNotFoundException: No pipeline matched request: doc/license.xml
   at org.apache.cocoon.components.source.impl.SitemapSource.toSAX(SitemapSource.java:359)
   at org.apache.cocoon.components.source.SourceUtil.parse(SourceUtil.java:206)
   at org.apache.cocoon.sitemap.ContentAggregator.generate(ContentAggregator.java:125)
   at org.apache.cocoon.components.pipeline.impl.AbstractCachingProcessingPipeline.processXMLPipeline(AbstractCachingProcessingPipeline.java:251)
   ...31 more
org.apache.cocoon.ResourceNotFoundException: No pipeline matched request: doc/license.xml
   at org.apache.cocoon.components.source.impl.SitemapSource.toSAX(SitemapSource.java:359)
   at org.apache.cocoon.components.source.SourceUtil.parse(SourceUtil.java:206)
   at org.apache.cocoon.sitemap.ContentAggregator.generate(ContentAggregator.java:125)
   at org.apache.cocoon.components.pipeline.impl.AbstractCachingProcessingPipeline.processXMLPipeline(AbstractCachingProcessingPipeline.java:251)
   at org.apache.cocoon.components.pipeline.AbstractProcessingPipeline.process(AbstractProcessingPipeline.java:428)
   at org.apache.cocoon.components.treeprocessor.sitemap.SerializeNode.invoke(SerializeNode.java:134)
   at org.apache.cocoon.components.treeprocessor.AbstractParentProcessingNode.invokeNodes(AbstractParentProcessingNode.java:76)
   at org.apache.cocoon.components.treeprocessor.ContainerNode.invoke(ContainerNode.java:38)
   at org.apache.cocoon.components.treeprocessor.CategoryNode.invokeByName(CategoryNode.java:66)
   at org.apache.cocoon.components.treeprocessor.sitemap.CallNode.invoke(CallNode.java:83)
   at org.apache.cocoon.components.treeprocessor.AbstractParentProcessingNode.invokeNodes(AbstractParentProcessingNode.java:54)
   at org.apache.cocoon.components.treeprocessor.sitemap.PreparableMatchNode.invoke(PreparableMatchNode.java:112)
   at org.apache.cocoon.components.treeprocessor.AbstractParentProcessingNode.invokeNodes(AbstractParentProcessingNode.java:76)
   at org.apache.cocoon.components.treeprocessor.sitemap.PipelineNode.invoke(PipelineNode.java:138)
   at org.apache.cocoon.components.treeprocessor.AbstractParentProcessingNode.invokeNodes(AbstractParentProcessingNode.java:76)
   at org.apache.cocoon.components.treeprocessor.sitemap.PipelinesNode.invoke(PipelinesNode.java:95)
   at org.apache.cocoon.components.treeprocessor.ConcreteTreeProcessor.process(ConcreteTreeProcessor.java:203)
   at org.apache.cocoon.components.treeprocessor.ConcreteTreeProcessor.process(ConcreteTreeProcessor.java:149)
   at org.apache.cocoon.components.treeprocessor.TreeProcessor.process(TreeProcessor.java:248)
   at org.apache.cocoon.Cocoon.process(Cocoon.java:503)
   at org.apache.cocoon.servlet.CocoonServlet.service(CocoonServlet.java:1097)
   at javax.servlet.http.HttpServlet.service(HttpServlet.java:853)
   at org.mortbay.jetty.servlet.ServletHolder.handle(ServletHolder.java:354)
   at org.mortbay.jetty.servlet.WebApplicationHandler.dispatch(WebApplicationHandler.java:294)
   at org.mortbay.jetty.servlet.ServletHandler.handle(ServletHandler.java:567)
   at org.mortbay.http.HttpContext.handle(HttpContext.java:1808)
   at org.mortbay.jetty.servlet.WebApplicationContext.handle(WebApplicationContext.java:525)
   at org.mortbay.http.HttpContext.handle(HttpContext.java:1758)
   at org.mortbay.http.HttpServer.service(HttpServer.java:879)
   at org.mortbay.http.HttpConnection.service(HttpConnection.java:790)
   at org.mortbay.http.HttpConnection.handleNext(HttpConnection.java:952)
   at org.mortbay.http.HttpConnection.handle(HttpConnection.java:807)
   at org.mortbay.http.SocketListener.handleConnection(SocketListener.java:197)
   at org.mortbay.util.ThreadedServer.handle(ThreadedServer.java:289)
   at org.mortbay.util.ThreadPool$PoolThread.run(ThreadPool.java:501)
WARN    (2007-03-11) 20:35.42:533   [access] (/favicon.ico) PoolThread-4/CocoonServlet: The resource was not found
org.apache.cocoon.ResourceNotFoundException: Error during resolving of the input stream: org.apache.excalibur.source.SourceNotFoundException: file:/home/robert/downloads/apache-forrest-0.7/main/webapp/.../images/favicon.ico doesn't exist.
   at org.apache.cocoon.components.source.SourceUtil.handle(SourceUtil.java:325)
   at org.apache.cocoon.reading.ResourceReader.generate(ResourceReader.java:319)
   at org.apache.cocoon.components.pipeline.impl.AbstractCachingProcessingPipeline.processReader(AbstractCachingProcessingPipeline.java:759)
   at org.apache.cocoon.components.pipeline.AbstractProcessingPipeline.process(AbstractProcessingPipeline.java:420)
   at org.apache.cocoon.components.treeprocessor.sitemap.ReadNode.invoke(ReadNode.java:96)
   at org.apache.cocoon.components.treeprocessor.AbstractParentProcessingNode.invokeNodes(AbstractParentProcessingNode.java:76)
   at org.apache.cocoon.components.treeprocessor.sitemap.SelectNode.invoke(SelectNode.java:87)
   at org.apache.cocoon.components.treeprocessor.AbstractParentProcessingNode.invokeNodes(AbstractParentProcessingNode.java:76)
   at org.apache.cocoon.components.treeprocessor.ContainerNode.invoke(ContainerNode.java:38)
   at org.apache.cocoon.components.treeprocessor.CategoryNode.invokeByName(CategoryNode.java:66)
   at org.apache.cocoon.components.treeprocessor.sitemap.CallNode.invoke(CallNode.java:83)
   at org.apache.cocoon.components.treeprocessor.AbstractParentProcessingNode.invokeNodes(AbstractParentProcessingNode.java:76)
   at org.apache.cocoon.components.treeprocessor.sitemap.SelectNode.invoke(SelectNode.java:87)
   at org.apache.cocoon.components.treeprocessor.AbstractParentProcessingNode.invokeNodes(AbstractParentProcessingNode.java:54)
   at org.apache.cocoon.components.treeprocessor.sitemap.PreparableMatchNode.invoke(PreparableMatchNode.java:112)
   at org.apache.cocoon.components.treeprocessor.AbstractParentProcessingNode.invokeNodes(AbstractParentProcessingNode.java:76)
   at org.apache.cocoon.components.treeprocessor.sitemap.PipelineNode.invoke(PipelineNode.java:138)
   at org.apache.cocoon.components.treeprocessor.AbstractParentProcessingNode.invokeNodes(AbstractParentProcessingNode.java:76)
   at org.apache.cocoon.components.treeprocessor.sitemap.PipelinesNode.invoke(PipelinesNode.java:95)
   at org.apache.cocoon.components.treeprocessor.ConcreteTreeProcessor.process(ConcreteTreeProcessor.java:203)
   at org.apache.cocoon.components.treeprocessor.ConcreteTreeProcessor.process(ConcreteTreeProcessor.java:149)
   at org.apache.cocoon.components.treeprocessor.TreeProcessor.process(TreeProcessor.java:248)
   at org.apache.cocoon.components.treeprocessor.sitemap.MountNode.invoke(MountNode.java:112)
   at org.apache.cocoon.components.treeprocessor.AbstractParentProcessingNode.invokeNodes(AbstractParentProcessingNode.java:54)
   at org.apache.cocoon.components.treeprocessor.sitemap.PreparableMatchNode.invoke(PreparableMatchNode.java:112)
   at org.apache.cocoon.components.treeprocessor.AbstractParentProcessingNode.invokeNodes(AbstractParentProcessingNode.java:76)
   at org.apache.cocoon.components.treeprocessor.sitemap.PipelineNode.invoke(PipelineNode.java:138)
   at org.apache.cocoon.components.treeprocessor.AbstractParentProcessingNode.invokeNodes(AbstractParentProcessingNode.java:76)
   at org.apache.cocoon.components.treeprocessor.sitemap.PipelinesNode.invoke(PipelinesNode.java:95)
   at org.apache.cocoon.components.treeprocessor.ConcreteTreeProcessor.process(ConcreteTreeProcessor.java:203)
   at org.apache.cocoon.components.treeprocessor.ConcreteTreeProcessor.process(ConcreteTreeProcessor.java:149)
   at org.apache.cocoon.components.treeprocessor.TreeProcessor.process(TreeProcessor.java:248)
   at org.apache.cocoon.Cocoon.process(Cocoon.java:503)
   at org.apache.cocoon.servlet.CocoonServlet.service(CocoonServlet.java:1097)
   at javax.servlet.http.HttpServlet.service(HttpServlet.java:853)
   at org.mortbay.jetty.servlet.ServletHolder.handle(ServletHolder.java:354)
   at org.mortbay.jetty.servlet.WebApplicationHandler.dispatch(WebApplicationHandler.java:294)
   at org.mortbay.jetty.servlet.ServletHandler.handle(ServletHandler.java:567)
   at org.mortbay.http.HttpContext.handle(HttpContext.java:1808)
   at org.mortbay.jetty.servlet.WebApplicationContext.handle(WebApplicationContext.java:525)
   at org.mortbay.http.HttpContext.handle(HttpContext.java:1758)
   at org.mortbay.http.HttpServer.service(HttpServer.java:879)
   at org.mortbay.http.HttpConnection.service(HttpConnection.java:790)
   at org.mortbay.http.HttpConnection.handleNext(HttpConnection.java:952)
   at org.mortbay.http.HttpConnection.handle(HttpConnection.java:807)
   at org.mortbay.http.SocketListener.handleConnection(SocketListener.java:197)
   at org.mortbay.util.ThreadedServer.handle(ThreadedServer.java:289)
   at org.mortbay.util.ThreadPool$PoolThread.run(ThreadPool.java:501)
Caused by: org.apache.excalibur.source.SourceNotFoundException: file:/home/robert/downloads/apache-forrest-0.7/main/webapp/.../images/favicon.ico doesn't exist.
   at org.apache.excalibur.source.impl.FileSource.getInputStream(FileSource.java:150)
   at org.apache.cocoon.reading.ResourceReader.generate(ResourceReader.java:317)
   ...46 more
Caused by: java.io.FileNotFoundException: /home/robert/downloads/apache-forrest-0.7/main/webapp/.../images/favicon.ico (No such file or directory)
   at gnu.java.nio.channels.FileChannelImpl.open(libgcj.so.70)
   at gnu.java.nio.channels.FileChannelImpl.<init>(libgcj.so.70)
   at gnu.java.nio.channels.FileChannelImpl.create(libgcj.so.70)
   at java.io.FileInputStream.<init>(libgcj.so.70)
   at org.apache.excalibur.source.impl.FileSource.getInputStream(FileSource.java:146)
   ...47 more
org.apache.excalibur.source.SourceNotFoundException: file:/home/robert/downloads/apache-forrest-0.7/main/webapp/.../images/favicon.ico doesn't exist.
   at org.apache.excalibur.source.impl.FileSource.getInputStream(FileSource.java:150)
   at org.apache.cocoon.reading.ResourceReader.generate(ResourceReader.java:317)
   at org.apache.cocoon.components.pipeline.impl.AbstractCachingProcessingPipeline.processReader(AbstractCachingProcessingPipeline.java:759)
   at org.apache.cocoon.components.pipeline.AbstractProcessingPipeline.process(AbstractProcessingPipeline.java:420)
   at org.apache.cocoon.components.treeprocessor.sitemap.ReadNode.invoke(ReadNode.java:96)
   at org.apache.cocoon.components.treeprocessor.AbstractParentProcessingNode.invokeNodes(AbstractParentProcessingNode.java:76)
   at org.apache.cocoon.components.treeprocessor.sitemap.SelectNode.invoke(SelectNode.java:87)
   at org.apache.cocoon.components.treeprocessor.AbstractParentProcessingNode.invokeNodes(AbstractParentProcessingNode.java:76)
   at org.apache.cocoon.components.treeprocessor.ContainerNode.invoke(ContainerNode.java:38)
   at org.apache.cocoon.components.treeprocessor.CategoryNode.invokeByName(CategoryNode.java:66)
   at org.apache.cocoon.components.treeprocessor.sitemap.CallNode.invoke(CallNode.java:83)
   at org.apache.cocoon.components.treeprocessor.AbstractParentProcessingNode.invokeNodes(AbstractParentProcessingNode.java:76)
   at org.apache.cocoon.components.treeprocessor.sitemap.SelectNode.invoke(SelectNode.java:87)
   at org.apache.cocoon.components.treeprocessor.AbstractParentProcessingNode.invokeNodes(AbstractParentProcessingNode.java:54)
   at org.apache.cocoon.components.treeprocessor.sitemap.PreparableMatchNode.invoke(PreparableMatchNode.java:112)
   at org.apache.cocoon.components.treeprocessor.AbstractParentProcessingNode.invokeNodes(AbstractParentProcessingNode.java:76)
   at org.apache.cocoon.components.treeprocessor.sitemap.PipelineNode.invoke(PipelineNode.java:138)
   at org.apache.cocoon.components.treeprocessor.AbstractParentProcessingNode.invokeNodes(AbstractParentProcessingNode.java:76)
   at org.apache.cocoon.components.treeprocessor.sitemap.PipelinesNode.invoke(PipelinesNode.java:95)
   at org.apache.cocoon.components.treeprocessor.ConcreteTreeProcessor.process(ConcreteTreeProcessor.java:203)
   at org.apache.cocoon.components.treeprocessor.ConcreteTreeProcessor.process(ConcreteTreeProcessor.java:149)
   at org.apache.cocoon.components.treeprocessor.TreeProcessor.process(TreeProcessor.java:248)
   at org.apache.cocoon.components.treeprocessor.sitemap.MountNode.invoke(MountNode.java:112)
   at org.apache.cocoon.components.treeprocessor.AbstractParentProcessingNode.invokeNodes(AbstractParentProcessingNode.java:54)
   at org.apache.cocoon.components.treeprocessor.sitemap.PreparableMatchNode.invoke(PreparableMatchNode.java:112)
   at org.apache.cocoon.components.treeprocessor.AbstractParentProcessingNode.invokeNodes(AbstractParentProcessingNode.java:76)
   at org.apache.cocoon.components.treeprocessor.sitemap.PipelineNode.invoke(PipelineNode.java:138)
   at org.apache.cocoon.components.treeprocessor.AbstractParentProcessingNode.invokeNodes(AbstractParentProcessingNode.java:76)
   at org.apache.cocoon.components.treeprocessor.sitemap.PipelinesNode.invoke(PipelinesNode.java:95)
   at org.apache.cocoon.components.treeprocessor.ConcreteTreeProcessor.process(ConcreteTreeProcessor.java:203)
   at org.apache.cocoon.components.treeprocessor.ConcreteTreeProcessor.process(ConcreteTreeProcessor.java:149)
   at org.apache.cocoon.components.treeprocessor.TreeProcessor.process(TreeProcessor.java:248)
   at org.apache.cocoon.Cocoon.process(Cocoon.java:503)
   at org.apache.cocoon.servlet.CocoonServlet.service(CocoonServlet.java:1097)
   at javax.servlet.http.HttpServlet.service(HttpServlet.java:853)
   at org.mortbay.jetty.servlet.ServletHolder.handle(ServletHolder.java:354)
   at org.mortbay.jetty.servlet.WebApplicationHandler.dispatch(WebApplicationHandler.java:294)
   at org.mortbay.jetty.servlet.ServletHandler.handle(ServletHandler.java:567)
   at org.mortbay.http.HttpContext.handle(HttpContext.java:1808)
   at org.mortbay.jetty.servlet.WebApplicationContext.handle(WebApplicationContext.java:525)
   at org.mortbay.http.HttpContext.handle(HttpContext.java:1758)
   at org.mortbay.http.HttpServer.service(HttpServer.java:879)
   at org.mortbay.http.HttpConnection.service(HttpConnection.java:790)
   at org.mortbay.http.HttpConnection.handleNext(HttpConnection.java:952)
   at org.mortbay.http.HttpConnection.handle(HttpConnection.java:807)
   at org.mortbay.http.SocketListener.handleConnection(SocketListener.java:197)
   at org.mortbay.util.ThreadedServer.handle(ThreadedServer.java:289)
   at org.mortbay.util.ThreadPool$PoolThread.run(ThreadPool.java:501)
Caused by: java.io.FileNotFoundException: /home/robert/downloads/apache-forrest-0.7/main/webapp/.../images/favicon.ico (No such file or directory)
   at gnu.java.nio.channels.FileChannelImpl.open(libgcj.so.70)
   at gnu.java.nio.channels.FileChannelImpl.<init>(libgcj.so.70)
   at gnu.java.nio.channels.FileChannelImpl.create(libgcj.so.70)
   at java.io.FileInputStream.<init>(libgcj.so.70)
   at org.apache.excalibur.source.impl.FileSource.getInputStream(FileSource.java:146)
   ...47 more
WARN    (2007-03-11) 20:37.37:027   [access] (/index.html) PoolThread-4/CocoonServlet: EOFException(java.io.IOException: Broken pipe)
