ERROR   (2007-03-11) 20:35.41:742   [access] (/doc/license.html) PoolThread-4/CocoonServlet: Internal Cocoon Problem
org.apache.cocoon.ProcessingException: Error executing pipeline.: org.apache.cocoon.ResourceNotFoundException: No pipeline matched request: doc/license.xml
   at org.apache.cocoon.components.pipeline.AbstractProcessingPipeline.handleException(AbstractProcessingPipeline.java:788)
   at org.apache.cocoon.components.pipeline.impl.AbstractCachingProcessingPipeline.processXMLPipeline(AbstractCachingProcessingPipeline.java:263)
   at org.apache.cocoon.components.pipeline.AbstractProcessingPipeline.process(AbstractProcessingPipeline.java:428)
   at org.apache.cocoon.components.treeprocessor.sitemap.SerializeNode.invoke(SerializeNode.java:134)
   at org.apache.cocoon.components.treeprocessor.AbstractParentProcessingNode.invokeNodes(AbstractParentProcessingNode.java:76)
   at org.apache.cocoon.components.treeprocessor.ContainerNode.invoke(ContainerNode.java:38)
   at org.apache.cocoon.components.treeprocessor.CategoryNode.invokeByName(CategoryNode.java:66)
   at org.apache.cocoon.components.treeprocessor.sitemap.CallNode.invoke(CallNode.java:83)
   at org.apache.cocoon.components.treeprocessor.AbstractParentProcessingNode.invokeNodes(AbstractParentProcessingNode.java:54)
   at org.apache.cocoon.components.treeprocessor.sitemap.PreparableMatchNode.invoke(PreparableMatchNode.java:112)
   at org.apache.cocoon.components.treeprocessor.AbstractParentProcessingNode.invokeNodes(AbstractParentProcessingNode.java:76)
   at org.apache.cocoon.components.treeprocessor.sitemap.PipelineNode.invoke(PipelineNode.java:138)
   at org.apache.cocoon.components.treeprocessor.AbstractParentProcessingNode.invokeNodes(AbstractParentProcessingNode.java:76)
   at org.apache.cocoon.components.treeprocessor.sitemap.PipelinesNode.invoke(PipelinesNode.java:95)
   at org.apache.cocoon.components.treeprocessor.ConcreteTreeProcessor.process(ConcreteTreeProcessor.java:203)
   at org.apache.cocoon.components.treeprocessor.ConcreteTreeProcessor.process(ConcreteTreeProcessor.java:149)
   at org.apache.cocoon.components.treeprocessor.TreeProcessor.process(TreeProcessor.java:248)
   at org.apache.cocoon.Cocoon.process(Cocoon.java:503)
   at org.apache.cocoon.servlet.CocoonServlet.service(CocoonServlet.java:1097)
   at javax.servlet.http.HttpServlet.service(HttpServlet.java:853)
   at org.mortbay.jetty.servlet.ServletHolder.handle(ServletHolder.java:354)
   at org.mortbay.jetty.servlet.WebApplicationHandler.dispatch(WebApplicationHandler.java:294)
   at org.mortbay.jetty.servlet.ServletHandler.handle(ServletHandler.java:567)
   at org.mortbay.http.HttpContext.handle(HttpContext.java:1808)
   at org.mortbay.jetty.servlet.WebApplicationContext.handle(WebApplicationContext.java:525)
   at org.mortbay.http.HttpContext.handle(HttpContext.java:1758)
   at org.mortbay.http.HttpServer.service(HttpServer.java:879)
   at org.mortbay.http.HttpConnection.service(HttpConnection.java:790)
   at org.mortbay.http.HttpConnection.handleNext(HttpConnection.java:952)
   at org.mortbay.http.HttpConnection.handle(HttpConnection.java:807)
   at org.mortbay.http.SocketListener.handleConnection(SocketListener.java:197)
   at org.mortbay.util.ThreadedServer.handle(ThreadedServer.java:289)
   at org.mortbay.util.ThreadPool$PoolThread.run(ThreadPool.java:501)
Caused by: org.apache.cocoon.ResourceNotFoundException: No pipeline matched request: doc/license.xml
   at org.apache.cocoon.components.source.impl.SitemapSource.toSAX(SitemapSource.java:359)
   at org.apache.cocoon.components.source.SourceUtil.parse(SourceUtil.java:206)
   at org.apache.cocoon.sitemap.ContentAggregator.generate(ContentAggregator.java:125)
   at org.apache.cocoon.components.pipeline.impl.AbstractCachingProcessingPipeline.processXMLPipeline(AbstractCachingProcessingPipeline.java:251)
   ...31 more
org.apache.cocoon.ResourceNotFoundException: No pipeline matched request: doc/license.xml
   at org.apache.cocoon.components.source.impl.SitemapSource.toSAX(SitemapSource.java:359)
   at org.apache.cocoon.components.source.SourceUtil.parse(SourceUtil.java:206)
   at org.apache.cocoon.sitemap.ContentAggregator.generate(ContentAggregator.java:125)
   at org.apache.cocoon.components.pipeline.impl.AbstractCachingProcessingPipeline.processXMLPipeline(AbstractCachingProcessingPipeline.java:251)
   at org.apache.cocoon.components.pipeline.AbstractProcessingPipeline.process(AbstractProcessingPipeline.java:428)
   at org.apache.cocoon.components.treeprocessor.sitemap.SerializeNode.invoke(SerializeNode.java:134)
   at org.apache.cocoon.components.treeprocessor.AbstractParentProcessingNode.invokeNodes(AbstractParentProcessingNode.java:76)
   at org.apache.cocoon.components.treeprocessor.ContainerNode.invoke(ContainerNode.java:38)
   at org.apache.cocoon.components.treeprocessor.CategoryNode.invokeByName(CategoryNode.java:66)
   at org.apache.cocoon.components.treeprocessor.sitemap.CallNode.invoke(CallNode.java:83)
   at org.apache.cocoon.components.treeprocessor.AbstractParentProcessingNode.invokeNodes(AbstractParentProcessingNode.java:54)
   at org.apache.cocoon.components.treeprocessor.sitemap.PreparableMatchNode.invoke(PreparableMatchNode.java:112)
   at org.apache.cocoon.components.treeprocessor.AbstractParentProcessingNode.invokeNodes(AbstractParentProcessingNode.java:76)
   at org.apache.cocoon.components.treeprocessor.sitemap.PipelineNode.invoke(PipelineNode.java:138)
   at org.apache.cocoon.components.treeprocessor.AbstractParentProcessingNode.invokeNodes(AbstractParentProcessingNode.java:76)
   at org.apache.cocoon.components.treeprocessor.sitemap.PipelinesNode.invoke(PipelinesNode.java:95)
   at org.apache.cocoon.components.treeprocessor.ConcreteTreeProcessor.process(ConcreteTreeProcessor.java:203)
   at org.apache.cocoon.components.treeprocessor.ConcreteTreeProcessor.process(ConcreteTreeProcessor.java:149)
   at org.apache.cocoon.components.treeprocessor.TreeProcessor.process(TreeProcessor.java:248)
   at org.apache.cocoon.Cocoon.process(Cocoon.java:503)
   at org.apache.cocoon.servlet.CocoonServlet.service(CocoonServlet.java:1097)
   at javax.servlet.http.HttpServlet.service(HttpServlet.java:853)
   at org.mortbay.jetty.servlet.ServletHolder.handle(ServletHolder.java:354)
   at org.mortbay.jetty.servlet.WebApplicationHandler.dispatch(WebApplicationHandler.java:294)
   at org.mortbay.jetty.servlet.ServletHandler.handle(ServletHandler.java:567)
   at org.mortbay.http.HttpContext.handle(HttpContext.java:1808)
   at org.mortbay.jetty.servlet.WebApplicationContext.handle(WebApplicationContext.java:525)
   at org.mortbay.http.HttpContext.handle(HttpContext.java:1758)
   at org.mortbay.http.HttpServer.service(HttpServer.java:879)
   at org.mortbay.http.HttpConnection.service(HttpConnection.java:790)
   at org.mortbay.http.HttpConnection.handleNext(HttpConnection.java:952)
   at org.mortbay.http.HttpConnection.handle(HttpConnection.java:807)
   at org.mortbay.http.SocketListener.handleConnection(SocketListener.java:197)
   at org.mortbay.util.ThreadedServer.handle(ThreadedServer.java:289)
   at org.mortbay.util.ThreadPool$PoolThread.run(ThreadPool.java:501)
